<?xml version="1.0" encoding="UTF-8"?>
<!-- Generated by org.testng.reporters.JUnitReportReporter -->
<testsuite hostname="IT-DEV-22" failures="0" tests="3" name="bankAlEtihadECC.tests.OutwardChequesTest" time="93.074" errors="0" timestamp="2024-05-19T13:50:50 AST" skipped="1">
  <testcase classname="bankAlEtihadECC.tests.OutwardChequesTest" name="outwardChequesTest" time="46.556"/>
  <system-out/>
  <testcase classname="bankAlEtihadECC.tests.OutwardChequesTest" name="outwardChequesTest" time="46.518"/>
  <system-out/>
  <testcase classname="bankAlEtihadECC.tests.OutwardChequesTest" name="repairCheques">
    <skipped/>
  </testcase> <!-- repairCheques -->
  <system-out/>
</testsuite> <!-- bankAlEtihadECC.tests.OutwardChequesTest -->
