<?xml version="1.0" encoding="UTF-8"?>
<!-- Generated by org.testng.reporters.JUnitReportReporter -->
<testsuite hostname="IT-QA-EMP-02" failures="0" tests="1" name="bankAlEtihadECC.tests.OutwardChequesTest" time="41.013" errors="0" timestamp="2024-05-31T20:18:35 EET" skipped="0">
  <testcase classname="bankAlEtihadECC.tests.OutwardChequesTest" name="outwardChequesTest" time="41.013"/>
  <system-out/>
</testsuite> <!-- bankAlEtihadECC.tests.OutwardChequesTest -->
