<?xml version="1.0" encoding="UTF-8"?>
<!-- Generated by org.testng.reporters.JUnitReportReporter -->
<testsuite hostname="IT-DEV-22" failures="0" tests="2" name="bankAlEtihadECC.tests.OutwardChequesTest" time="71.904" errors="0" timestamp="2024-06-05T08:56:55 AST" skipped="0">
  <testcase classname="bankAlEtihadECC.tests.OutwardChequesTest" name="outwardChequesTest" time="35.379"/>
  <system-out/>
  <testcase classname="bankAlEtihadECC.tests.OutwardChequesTest" name="outwardChequesTest" time="36.525"/>
  <system-out/>
</testsuite> <!-- bankAlEtihadECC.tests.OutwardChequesTest -->
