<?xml version="1.0" encoding="UTF-8"?>
<!-- Generated by org.testng.reporters.JUnitReportReporter -->
<testsuite hostname="IT-DEV-22" failures="0" tests="4" name="bankAlEtihadECC.tests.OutwardChequesTest" time="156.914" errors="0" timestamp="2024-06-04T09:40:28 AST" skipped="0">
  <testcase classname="bankAlEtihadECC.tests.OutwardChequesTest" name="outwardChequesTest" time="41.143"/>
  <system-out/>
  <testcase classname="bankAlEtihadECC.tests.OutwardChequesTest" name="outwardChequesTest" time="37.787"/>
  <system-out/>
  <testcase classname="bankAlEtihadECC.tests.OutwardChequesTest" name="outwardChequesTest" time="37.263"/>
  <system-out/>
  <testcase classname="bankAlEtihadECC.tests.OutwardChequesTest" name="outwardChequesTest" time="40.721"/>
  <system-out/>
</testsuite> <!-- bankAlEtihadECC.tests.OutwardChequesTest -->
