<?xml version="1.0" encoding="UTF-8"?>
<!-- Generated by org.testng.reporters.JUnitReportReporter -->
<testsuite hostname="IT-DEV-22" failures="0" tests="1" name="bankAlEtihadECC.tests.OutwardChequesTest" time="47.008" errors="0" timestamp="2024-05-12T15:15:01 AST" skipped="0">
  <testcase classname="bankAlEtihadECC.tests.OutwardChequesTest" name="outwardChequesTest" time="47.008"/>
</testsuite> <!-- bankAlEtihadECC.tests.OutwardChequesTest -->
